2018-08-02 11:16 +00:00:   <-- GET /
2018-08-02 11:16 +00:00: GET / - 577ms
2018-08-02 11:16 +00:00:   --> GET / 200 593ms 185b
2018-08-02 11:16 +00:00:   <-- GET /stylesheets/style.css
2018-08-02 11:16 +00:00:   --> GET /stylesheets/style.css 200 10ms 111b
2018-08-02 11:18 +00:00:   <-- GET /
2018-08-02 11:18 +00:00: GET / - 16ms
2018-08-02 11:18 +00:00:   --> GET / 200 29ms 185b
2018-08-02 11:18 +00:00:   <-- GET /stylesheets/style.css
2018-08-02 11:18 +00:00:   --> GET /stylesheets/style.css 200 3ms 111b
2018-08-02 11:18 +00:00:   <-- GET /
2018-08-02 11:18 +00:00: GET / - 9ms
2018-08-02 11:18 +00:00:   --> GET / 200 11ms 185b
2018-08-02 11:18 +00:00:   <-- GET /stylesheets/style.css
2018-08-02 11:18 +00:00:   --> GET /stylesheets/style.css 200 2ms 111b
2018-08-02 11:19 +00:00:   <-- GET /
2018-08-02 11:19 +00:00: GET / - 486ms
2018-08-02 11:19 +00:00:   --> GET / 200 508ms 221b
2018-08-02 11:19 +00:00:   <-- GET /stylesheets/style.css
2018-08-02 11:19 +00:00:   --> GET /stylesheets/style.css 200 6ms 111b
2018-08-02 11:19 +00:00:   <-- GET /
2018-08-02 11:19 +00:00: GET / - 14ms
2018-08-02 11:19 +00:00:   --> GET / 200 17ms 221b
2018-08-02 11:19 +00:00:   <-- GET /stylesheets/style.css
2018-08-02 11:19 +00:00:   --> GET /stylesheets/style.css 200 2ms 111b
2018-08-02 11:19 +00:00:   <-- GET /
2018-08-02 11:19 +00:00: GET / - 7ms
2018-08-02 11:19 +00:00:   --> GET / 200 10ms 221b
2018-08-02 11:19 +00:00:   <-- GET /stylesheets/style.css
2018-08-02 11:19 +00:00:   --> GET /stylesheets/style.css 200 2ms 111b
2018-08-02 11:19 +00:00:   <-- GET /
2018-08-02 11:19 +00:00: GET / - 12ms
2018-08-02 11:19 +00:00:   --> GET / 200 15ms 221b
2018-08-02 11:19 +00:00:   <-- GET /stylesheets/style.css
2018-08-02 11:19 +00:00:   --> GET /stylesheets/style.css 200 2ms 111b
2018-08-02 11:19 +00:00:   <-- GET /
2018-08-02 11:19 +00:00: GET / - 16ms
2018-08-02 11:19 +00:00:   --> GET / 200 19ms 221b
2018-08-02 11:19 +00:00:   <-- GET /stylesheets/style.css
2018-08-02 11:19 +00:00:   --> GET /stylesheets/style.css 200 3ms 111b
2018-08-02 11:19 +00:00:   <-- GET /
2018-08-02 11:19 +00:00: GET / - 8ms
2018-08-02 11:19 +00:00:   --> GET / 200 11ms 221b
2018-08-02 11:19 +00:00:   <-- GET /stylesheets/style.css
2018-08-02 11:19 +00:00:   --> GET /stylesheets/style.css 200 2ms 111b
2018-08-02 11:20 +00:00:   <-- GET /
2018-08-02 11:20 +00:00: GET / - 9ms
2018-08-02 11:20 +00:00:   --> GET / 200 12ms 221b
2018-08-02 11:20 +00:00:   <-- GET /stylesheets/style.css
2018-08-02 11:20 +00:00:   --> GET /stylesheets/style.css 200 2ms 111b
2018-08-02 11:20 +00:00:   <-- GET /
2018-08-02 11:20 +00:00: GET / - 527ms
2018-08-02 11:20 +00:00:   --> GET / 200 542ms 223b
2018-08-02 11:20 +00:00:   <-- GET /stylesheets/style.css
2018-08-02 11:20 +00:00:   --> GET /stylesheets/style.css 200 6ms 111b
2018-08-02 11:20 +00:00:   <-- GET /
2018-08-02 11:20 +00:00: GET / - 452ms
2018-08-02 11:20 +00:00:   --> GET / 200 464ms 196b
2018-08-02 11:20 +00:00:   <-- GET /stylesheets/style.css
2018-08-02 11:20 +00:00:   --> GET /stylesheets/style.css 200 6ms 111b
2018-08-02 11:21 +00:00:   <-- GET /
2018-08-02 11:21 +00:00: GET / - 529ms
2018-08-02 11:21 +00:00:   --> GET / 200 542ms 187b
2018-08-02 11:21 +00:00:   <-- GET /stylesheets/style.css
2018-08-02 11:21 +00:00:   --> GET /stylesheets/style.css 200 6ms 111b
2018-08-02 11:27 +00:00:   <-- GET /stylesheets/style.css
2018-08-02 11:27 +00:00:   --> GET /stylesheets/style.css 200 8ms 111b
2018-08-02 11:30 +00:00:   <-- GET /
2018-08-02 11:30 +00:00: GET / - 20ms
2018-08-02 11:30 +00:00:   --> GET / 200 33ms 187b
2018-08-02 11:30 +00:00:   <-- GET /stylesheets/style.css
2018-08-02 11:30 +00:00:   --> GET /stylesheets/style.css 200 3ms 134b
2018-08-02 11:32 +00:00:   <-- GET /
2018-08-02 11:32 +00:00: GET / - 12ms
2018-08-02 11:32 +00:00:   --> GET / 200 15ms 187b
2018-08-02 11:32 +00:00:   <-- GET /stylesheets/style.css
2018-08-02 11:32 +00:00:   --> GET /stylesheets/style.css 200 2ms 188b
2018-08-02 11:32 +00:00:   <-- GET /
2018-08-02 11:32 +00:00: GET / - 9ms
2018-08-02 11:32 +00:00:   --> GET / 200 11ms 187b
2018-08-02 11:32 +00:00:   <-- GET /stylesheets/style.css
2018-08-02 11:32 +00:00:   --> GET /stylesheets/style.css 200 2ms 188b
2018-08-02 11:32 +00:00:   <-- GET /
2018-08-02 11:32 +00:00: GET / - 10ms
2018-08-02 11:32 +00:00:   --> GET / 200 12ms 187b
2018-08-02 11:32 +00:00:   <-- GET /stylesheets/style.css
2018-08-02 11:32 +00:00:   --> GET /stylesheets/style.css 200 2ms 188b
2018-08-02 11:32 +00:00:   <-- GET /
2018-08-02 11:32 +00:00: GET / - 10ms
2018-08-02 11:32 +00:00:   --> GET / 200 12ms 187b
2018-08-02 11:32 +00:00:   <-- GET /stylesheets/style.css
2018-08-02 11:32 +00:00:   --> GET /stylesheets/style.css 200 1ms 188b
2018-08-02 11:32 +00:00:   <-- GET /
2018-08-02 11:32 +00:00: GET / - 13ms
2018-08-02 11:32 +00:00:   --> GET / 200 15ms 187b
2018-08-02 11:32 +00:00:   <-- GET /stylesheets/style.css
2018-08-02 11:32 +00:00:   --> GET /stylesheets/style.css 200 2ms 188b
2018-08-02 11:32 +00:00:   <-- GET /
2018-08-02 11:32 +00:00: GET / - 16ms
2018-08-02 11:32 +00:00:   --> GET / 200 18ms 187b
2018-08-02 11:32 +00:00:   <-- GET /stylesheets/style.css
2018-08-02 11:32 +00:00:   --> GET /stylesheets/style.css 200 3ms 202b
2018-08-02 11:34 +00:00:   <-- GET /
2018-08-02 11:34 +00:00: GET / - 11ms
2018-08-02 11:34 +00:00:   --> GET / 200 14ms 187b
2018-08-02 11:34 +00:00:   <-- GET /stylesheets/style.css
2018-08-02 11:34 +00:00:   --> GET /stylesheets/style.css 200 2ms 202b
2018-08-02 11:34 +00:00:   <-- GET /
2018-08-02 11:34 +00:00: GET / - 9ms
2018-08-02 11:34 +00:00:   --> GET / 200 11ms 187b
2018-08-02 11:34 +00:00:   <-- GET /stylesheets/style.css
2018-08-02 11:34 +00:00:   --> GET /stylesheets/style.css 200 3ms 202b
2018-08-02 11:34 +00:00:   <-- GET /
2018-08-02 11:34 +00:00: GET / - 17ms
2018-08-02 11:34 +00:00:   --> GET / 200 19ms 187b
2018-08-02 11:34 +00:00:   <-- GET /stylesheets/style.css
2018-08-02 11:34 +00:00:   --> GET /stylesheets/style.css 200 2ms 202b
2018-08-02 11:34 +00:00:   <-- GET /
2018-08-02 11:34 +00:00: GET / - 8ms
2018-08-02 11:34 +00:00:   --> GET / 200 10ms 187b
2018-08-02 11:34 +00:00:   <-- GET /stylesheets/style.css
2018-08-02 11:34 +00:00:   --> GET /stylesheets/style.css 200 2ms 202b
2018-08-02 11:34 +00:00:   <-- GET /
2018-08-02 11:34 +00:00: GET / - 9ms
2018-08-02 11:34 +00:00:   --> GET / 200 11ms 187b
2018-08-02 11:34 +00:00:   <-- GET /stylesheets/style.css
2018-08-02 11:34 +00:00:   --> GET /stylesheets/style.css 200 2ms 202b
2018-08-02 15:14 +00:00:   <-- GET /
2018-08-02 15:14 +00:00: GET / - 9ms
2018-08-02 15:14 +00:00:   --> GET / 200 42ms 187b
2018-08-02 15:14 +00:00:   <-- GET /stylesheets/style.css
2018-08-02 15:14 +00:00:   --> GET /stylesheets/style.css 200 4ms 202b
2018-08-02 15:42 +00:00:   <-- GET /
2018-08-02 15:42 +00:00: GET / - 12ms
2018-08-02 15:42 +00:00:   --> GET / 200 14ms 187b
2018-08-02 15:42 +00:00:   <-- GET /stylesheets/style.css
2018-08-02 15:42 +00:00:   --> GET /stylesheets/style.css 200 1ms 202b
2018-08-02 15:58 +00:00:   <-- GET /
2018-08-02 15:58 +00:00: GET / - 521ms
2018-08-02 15:58 +00:00:   --> GET / 200 532ms 1.54kb
2018-08-02 15:58 +00:00:   <-- GET /stylesheets/css.css
2018-08-02 15:58 +00:00:   <-- GET /stylesheets/style.css
2018-08-02 15:58 +00:00:   <-- GET /javascripts/js.js
2018-08-02 15:58 +00:00:   --> GET /stylesheets/css.css 200 7ms 1.01kb
2018-08-02 15:58 +00:00:   --> GET /stylesheets/style.css 200 6ms 206b
2018-08-02 15:58 +00:00:   --> GET /javascripts/js.js 200 4ms 2.35kb
2018-08-02 15:58 +00:00:   <-- GET /images/bg.jpg
2018-08-02 15:58 +00:00:   --> GET /images/bg.jpg 200 2ms 44.07kb
2018-08-02 15:58 +00:00:   <-- GET /
2018-08-02 15:58 +00:00: GET / - 32ms
2018-08-02 15:58 +00:00:   --> GET / 200 35ms 1.54kb
2018-08-02 15:58 +00:00:   <-- GET /stylesheets/style.css
2018-08-02 15:58 +00:00:   <-- GET /stylesheets/css.css
2018-08-02 15:58 +00:00:   --> GET /stylesheets/style.css 200 3ms 206b
2018-08-02 15:58 +00:00:   --> GET /stylesheets/css.css 200 2ms 1.01kb
2018-08-02 15:58 +00:00:   <-- GET /javascripts/js.js
2018-08-02 15:58 +00:00:   --> GET /javascripts/js.js 200 1ms 2.35kb
2018-08-02 15:58 +00:00:   <-- GET /images/bg.jpg
2018-08-02 15:58 +00:00:   --> GET /images/bg.jpg 200 2ms 44.07kb
2018-08-02 15:58 +00:00:   <-- GET /
2018-08-02 15:58 +00:00: GET / - 32ms
2018-08-02 15:58 +00:00:   --> GET / 200 34ms 1.54kb
2018-08-02 15:58 +00:00:   <-- GET /stylesheets/style.css
2018-08-02 15:58 +00:00:   --> GET /stylesheets/style.css 200 2ms 206b
2018-08-02 15:58 +00:00:   <-- GET /stylesheets/css.css
2018-08-02 15:58 +00:00:   --> GET /stylesheets/css.css 200 2ms 1.01kb
2018-08-02 15:58 +00:00:   <-- GET /javascripts/js.js
2018-08-02 15:58 +00:00:   --> GET /javascripts/js.js 200 1ms 2.35kb
2018-08-02 15:58 +00:00:   <-- GET /images/bg.jpg
2018-08-02 15:58 +00:00:   --> GET /images/bg.jpg 200 4ms 44.07kb
2018-08-02 16:00 +00:00:   <-- GET /
2018-08-02 16:00 +00:00: GET / - 31ms
2018-08-02 16:00 +00:00:   --> GET / 200 33ms 1.54kb
2018-08-02 16:00 +00:00:   <-- GET /stylesheets/style.css
2018-08-02 16:00 +00:00:   --> GET /stylesheets/style.css 200 2ms 206b
2018-08-02 16:00 +00:00:   <-- GET /stylesheets/css.css
2018-08-02 16:00 +00:00:   --> GET /stylesheets/css.css 200 1ms 1.01kb
2018-08-02 16:00 +00:00:   <-- GET /javascripts/js.js
2018-08-02 16:00 +00:00:   --> GET /javascripts/js.js 200 1ms 2.35kb
2018-08-02 16:00 +00:00:   <-- GET /images/bg.jpg
2018-08-02 16:00 +00:00:   --> GET /images/bg.jpg 200 2ms 44.07kb
2018-08-02 16:02 +00:00:   <-- GET /
2018-08-02 16:02 +00:00: GET / - 518ms
2018-08-02 16:02 +00:00:   --> GET / 200 532ms 1.54kb
2018-08-02 16:02 +00:00:   <-- GET /stylesheets/style.css
2018-08-02 16:02 +00:00:   --> GET /stylesheets/style.css 200 6ms 206b
2018-08-02 16:02 +00:00:   <-- GET /stylesheets/css.css
2018-08-02 16:02 +00:00:   <-- GET /javascripts/js.js
2018-08-02 16:02 +00:00:   --> GET /stylesheets/css.css 200 3ms 1.01kb
2018-08-02 16:02 +00:00:   --> GET /javascripts/js.js 200 3ms 2.35kb
2018-08-02 16:02 +00:00:   <-- GET /images/bg.jpg
2018-08-02 16:02 +00:00:   --> GET /images/bg.jpg 200 3ms 44.07kb
2018-08-02 16:02 +00:00:   <-- GET /
2018-08-02 16:02 +00:00: GET / - 38ms
2018-08-02 16:02 +00:00:   --> GET / 200 40ms 1.54kb
2018-08-02 16:02 +00:00:   <-- GET /stylesheets/style.css
2018-08-02 16:02 +00:00:   <-- GET /stylesheets/css.css
2018-08-02 16:02 +00:00:   --> GET /stylesheets/style.css 200 3ms 206b
2018-08-02 16:02 +00:00:   --> GET /stylesheets/css.css 200 2ms 1.01kb
2018-08-02 16:02 +00:00:   <-- GET /javascripts/js.js
2018-08-02 16:02 +00:00:   --> GET /javascripts/js.js 200 1ms 2.35kb
2018-08-02 16:02 +00:00:   <-- GET /images/bg.jpg
2018-08-02 16:02 +00:00:   --> GET /images/bg.jpg 200 3ms 44.07kb
2018-08-02 16:04 +00:00:   <-- GET /
2018-08-02 16:04 +00:00: GET / - 32ms
2018-08-02 16:04 +00:00:   --> GET / 200 34ms 1.54kb
2018-08-02 16:04 +00:00:   <-- GET /stylesheets/style.css
2018-08-02 16:04 +00:00:   --> GET /stylesheets/style.css 200 3ms 206b
2018-08-02 16:04 +00:00:   <-- GET /stylesheets/css.css
2018-08-02 16:04 +00:00:   <-- GET /javascripts/js.js
2018-08-02 16:04 +00:00:   --> GET /stylesheets/css.css 200 3ms 1.01kb
2018-08-02 16:04 +00:00:   --> GET /javascripts/js.js 200 3ms 2.35kb
2018-08-02 16:04 +00:00:   <-- GET /images/bg.jpg
2018-08-02 16:04 +00:00:   --> GET /images/bg.jpg 200 3ms 44.07kb
2018-08-02 16:12 +00:00:   <-- GET /
2018-08-02 16:12 +00:00: GET / - 474ms
2018-08-02 16:12 +00:00:   --> GET / 200 486ms 1.56kb
2018-08-02 16:12 +00:00:   <-- GET /stylesheets/style.css
2018-08-02 16:12 +00:00:   <-- GET /stylesheets/css.css
2018-08-02 16:12 +00:00:   <-- GET /javascripts/js.js
2018-08-02 16:12 +00:00:   --> GET /stylesheets/style.css 200 9ms 206b
2018-08-02 16:12 +00:00:   --> GET /stylesheets/css.css 200 7ms 1.01kb
2018-08-02 16:12 +00:00:   --> GET /javascripts/js.js 200 5ms 2.35kb
2018-08-02 16:12 +00:00:   <-- GET /images/bg.jpg
2018-08-02 16:12 +00:00:   --> GET /images/bg.jpg 200 3ms 44.07kb
2018-08-02 16:13 +00:00:   <-- GET /
2018-08-02 16:13 +00:00: GET / - 33ms
2018-08-02 16:13 +00:00:   --> GET / 200 36ms 1.56kb
2018-08-02 16:13 +00:00:   <-- GET /stylesheets/style.css
2018-08-02 16:13 +00:00:   <-- GET /stylesheets/css.css
2018-08-02 16:13 +00:00:   --> GET /stylesheets/style.css 200 4ms 206b
2018-08-02 16:13 +00:00:   <-- GET /javascripts/js.js
2018-08-02 16:13 +00:00:   --> GET /stylesheets/css.css 200 6ms 1.01kb
2018-08-02 16:13 +00:00:   --> GET /javascripts/js.js 200 4ms 2.35kb
2018-08-02 16:13 +00:00:   <-- GET /images/bg.jpg
2018-08-02 16:13 +00:00:   --> GET /images/bg.jpg 200 3ms 44.07kb
2018-08-02 16:13 +00:00:   <-- GET /
2018-08-02 16:13 +00:00: GET / - 35ms
2018-08-02 16:13 +00:00:   --> GET / 200 38ms 1.56kb
2018-08-02 16:13 +00:00:   <-- GET /stylesheets/style.css
2018-08-02 16:13 +00:00:   <-- GET /stylesheets/css.css
2018-08-02 16:13 +00:00:   --> GET /stylesheets/style.css 200 4ms 206b
2018-08-02 16:13 +00:00:   --> GET /stylesheets/css.css 200 2ms 1.01kb
2018-08-02 16:13 +00:00:   <-- GET /javascripts/js.js
2018-08-02 16:13 +00:00:   --> GET /javascripts/js.js 200 1ms 2.35kb
2018-08-02 16:13 +00:00:   <-- GET /images/bg.jpg
2018-08-02 16:13 +00:00:   --> GET /images/bg.jpg 200 2ms 44.07kb
2018-08-02 17:05 +00:00:   <-- GET /
2018-08-02 17:05 +00:00: GET / - 521ms
2018-08-02 17:05 +00:00:   --> GET / 200 533ms 1.54kb
2018-08-02 17:05 +00:00:   <-- GET /
2018-08-02 17:05 +00:00: GET / - 45ms
2018-08-02 17:05 +00:00:   --> GET / 200 49ms 1.54kb
2018-08-02 17:05 +00:00:   <-- GET /stylesheets/style.css
2018-08-02 17:05 +00:00:   <-- GET /stylesheets/css.css
2018-08-02 17:05 +00:00:   <-- GET /javascripts/js.js
2018-08-02 17:05 +00:00:   --> GET /stylesheets/style.css 200 8ms 206b
2018-08-02 17:05 +00:00:   --> GET /stylesheets/css.css 200 5ms 1.01kb
2018-08-02 17:05 +00:00:   --> GET /javascripts/js.js 200 4ms 2.35kb
2018-08-02 17:05 +00:00:   <-- GET /images/bg.jpg
2018-08-02 17:05 +00:00:   --> GET /images/bg.jpg 200 2ms 44.07kb
2018-08-02 17:06 +00:00:   <-- GET /
2018-08-02 17:06 +00:00: GET / - 40ms
2018-08-02 17:06 +00:00:   --> GET / 200 44ms 1.54kb
2018-08-02 17:06 +00:00:   <-- GET /stylesheets/style.css
2018-08-02 17:06 +00:00:   <-- GET /stylesheets/css.css
2018-08-02 17:06 +00:00:   <-- GET /javascripts/js.js
2018-08-02 17:06 +00:00:   --> GET /stylesheets/style.css 200 4ms 206b
2018-08-02 17:06 +00:00:   --> GET /stylesheets/css.css 200 4ms 1.01kb
2018-08-02 17:06 +00:00:   --> GET /javascripts/js.js 200 4ms 2.35kb
2018-08-02 17:06 +00:00:   <-- GET /images/bg.jpg
2018-08-02 17:06 +00:00:   --> GET /images/bg.jpg 200 2ms 44.07kb
2018-08-02 17:54 +00:00:   <-- GET /
2018-08-02 17:54 +00:00: GET / - 520ms
2018-08-02 17:54 +00:00:   --> GET / 200 544ms 1.35kb
2018-08-02 17:54 +00:00:   <-- GET /stylesheets/style.css
2018-08-02 17:54 +00:00:   <-- GET /stylesheets/css.css
2018-08-02 17:54 +00:00:   <-- GET /javascripts/js.js
2018-08-02 17:54 +00:00:   --> GET /stylesheets/style.css 200 9ms 206b
2018-08-02 17:54 +00:00:   --> GET /stylesheets/css.css 200 7ms 1.01kb
2018-08-02 17:54 +00:00:   --> GET /javascripts/js.js 200 6ms 2.35kb
2018-08-02 17:54 +00:00:   <-- GET /images/bg.jpg
2018-08-02 17:54 +00:00:   --> GET /images/bg.jpg 200 3ms 44.07kb
2018-08-02 17:54 +00:00:   <-- GET /
2018-08-02 17:54 +00:00: GET / - 356ms
2018-08-02 17:54 +00:00:   --> GET / 200 368ms 1.58kb
2018-08-02 17:54 +00:00:   <-- GET /stylesheets/style.css
2018-08-02 17:54 +00:00:   <-- GET /stylesheets/css.css
2018-08-02 17:54 +00:00:   <-- GET /javascripts/js.js
2018-08-02 17:54 +00:00:   --> GET /stylesheets/style.css 200 8ms 206b
2018-08-02 17:54 +00:00:   --> GET /stylesheets/css.css 200 8ms 1.01kb
2018-08-02 17:54 +00:00:   --> GET /javascripts/js.js 200 7ms 2.35kb
2018-08-02 17:54 +00:00:   <-- GET /images/bg.jpg
2018-08-02 17:54 +00:00:   --> GET /images/bg.jpg 200 2ms 44.07kb
2018-08-02 17:55 +00:00:   <-- GET /
2018-08-02 17:55 +00:00: GET / - 384ms
2018-08-02 17:55 +00:00:   --> GET / 200 396ms 1.02kb
2018-08-02 17:55 +00:00:   <-- GET /stylesheets/style.css
2018-08-02 17:55 +00:00:   <-- GET /stylesheets/css.css
2018-08-02 17:55 +00:00:   <-- GET /javascripts/js.js
2018-08-02 17:55 +00:00:   --> GET /stylesheets/style.css 200 8ms 206b
2018-08-02 17:55 +00:00:   --> GET /stylesheets/css.css 200 6ms 1.01kb
2018-08-02 17:55 +00:00:   --> GET /javascripts/js.js 200 7ms 2.35kb
2018-08-02 17:55 +00:00:   <-- GET /images/bg.jpg
2018-08-02 17:55 +00:00:   --> GET /images/bg.jpg 200 2ms 44.07kb
2018-08-02 17:57 +00:00:   <-- GET /
2018-08-02 17:57 +00:00: GET / - 387ms
2018-08-02 17:57 +00:00:   --> GET / 200 399ms 1.56kb
2018-08-02 17:57 +00:00:   <-- GET /stylesheets/style.css
2018-08-02 17:57 +00:00:   <-- GET /stylesheets/css.css
2018-08-02 17:57 +00:00:   <-- GET /javascripts/js.js
2018-08-02 17:57 +00:00:   --> GET /stylesheets/style.css 200 15ms 206b
2018-08-02 17:57 +00:00:   --> GET /stylesheets/css.css 200 15ms 1.01kb
2018-08-02 17:57 +00:00:   --> GET /javascripts/js.js 200 14ms 2.35kb
2018-08-02 17:57 +00:00:   <-- GET /images/bg.jpg
2018-08-02 17:57 +00:00:   --> GET /images/bg.jpg 200 3ms 44.07kb
2018-08-02 17:57 +00:00:   <-- GET /
2018-08-02 17:57 +00:00: GET / - 372ms
2018-08-02 17:57 +00:00:   --> GET / 200 383ms 1.56kb
2018-08-02 17:57 +00:00:   <-- GET /stylesheets/style.css
2018-08-02 17:57 +00:00:   <-- GET /stylesheets/css.css
2018-08-02 17:57 +00:00:   <-- GET /javascripts/js.js
2018-08-02 17:57 +00:00:   --> GET /stylesheets/style.css 200 8ms 206b
2018-08-02 17:57 +00:00:   --> GET /stylesheets/css.css 200 7ms 1.01kb
2018-08-02 17:57 +00:00:   --> GET /javascripts/js.js 200 7ms 2.35kb
2018-08-02 17:57 +00:00:   <-- GET /images/bg.jpg
2018-08-02 17:57 +00:00:   --> GET /images/bg.jpg 200 3ms 44.07kb
2018-08-02 17:57 +00:00:   <-- GET /
2018-08-02 17:57 +00:00: GET / - 361ms
2018-08-02 17:57 +00:00:   --> GET / 200 372ms 1.54kb
2018-08-02 17:57 +00:00:   <-- GET /stylesheets/style.css
2018-08-02 17:57 +00:00:   <-- GET /stylesheets/css.css
2018-08-02 17:57 +00:00:   <-- GET /javascripts/js.js
2018-08-02 17:57 +00:00:   --> GET /stylesheets/style.css 200 8ms 206b
2018-08-02 17:57 +00:00:   --> GET /stylesheets/css.css 200 6ms 1.01kb
2018-08-02 17:57 +00:00:   --> GET /javascripts/js.js 200 5ms 2.35kb
2018-08-02 17:57 +00:00:   <-- GET /images/bg.jpg
2018-08-02 17:57 +00:00:   --> GET /images/bg.jpg 200 3ms 44.07kb
2018-08-02 17:58 +00:00:   <-- GET /
2018-08-02 17:58 +00:00: GET / - 41ms
2018-08-02 17:58 +00:00:   --> GET / 200 44ms 1.54kb
2018-08-02 17:58 +00:00:   <-- GET /stylesheets/style.css
2018-08-02 17:58 +00:00:   <-- GET /stylesheets/css.css
2018-08-02 17:58 +00:00:   <-- GET /javascripts/js.js
2018-08-02 17:58 +00:00:   --> GET /stylesheets/style.css 200 7ms 201b
2018-08-02 17:58 +00:00:   --> GET /stylesheets/css.css 200 6ms 1.01kb
2018-08-02 17:58 +00:00:   --> GET /javascripts/js.js 200 6ms 2.35kb
2018-08-02 17:58 +00:00:   <-- GET /images/bg.jpg
2018-08-02 17:58 +00:00:   --> GET /images/bg.jpg 200 2ms 44.07kb
2018-08-02 17:58 +00:00:   <-- GET /
2018-08-02 17:58 +00:00: GET / - 44ms
2018-08-02 17:58 +00:00:   --> GET / 200 46ms 1.54kb
2018-08-02 17:58 +00:00:   <-- GET /stylesheets/style.css
2018-08-02 17:58 +00:00:   <-- GET /stylesheets/css.css
2018-08-02 17:58 +00:00:   <-- GET /javascripts/js.js
2018-08-02 17:58 +00:00:   --> GET /stylesheets/style.css 200 4ms 206b
2018-08-02 17:58 +00:00:   --> GET /stylesheets/css.css 200 4ms 1.01kb
2018-08-02 17:58 +00:00:   --> GET /javascripts/js.js 200 4ms 2.35kb
2018-08-02 17:58 +00:00:   <-- GET /images/bg.jpg
2018-08-02 17:58 +00:00:   --> GET /images/bg.jpg 200 2ms 44.07kb
2018-08-02 18:00 +00:00:   <-- GET /
2018-08-02 18:00 +00:00: GET / - 34ms
2018-08-02 18:00 +00:00:   --> GET / 200 37ms 1.54kb
2018-08-02 18:00 +00:00:   <-- GET /stylesheets/style.css
2018-08-02 18:00 +00:00:   <-- GET /stylesheets/css.css
2018-08-02 18:00 +00:00:   <-- GET /javascripts/js.js
2018-08-02 18:00 +00:00:   --> GET /stylesheets/style.css 200 5ms 206b
2018-08-02 18:00 +00:00:   --> GET /stylesheets/css.css 200 4ms 1.01kb
2018-08-02 18:00 +00:00:   --> GET /javascripts/js.js 200 5ms 2.35kb
2018-08-02 18:00 +00:00:   <-- GET /images/bg.jpg
2018-08-02 18:00 +00:00:   --> GET /images/bg.jpg 200 2ms 44.07kb
2018-08-02 18:00 +00:00:   <-- GET /favicon.ico
2018-08-02 18:00 +00:00: GET /favicon.ico - 0ms
2018-08-02 18:00 +00:00:   --> GET /favicon.ico 404 3ms -
2018-08-02 18:01 +00:00:   <-- GET /
2018-08-02 18:01 +00:00: GET / - 40ms
2018-08-02 18:01 +00:00:   --> GET / 200 42ms 1.54kb
2018-08-02 18:01 +00:00:   <-- GET /stylesheets/style.css
2018-08-02 18:01 +00:00:   --> GET /stylesheets/style.css 200 2ms 206b
2018-08-02 18:01 +00:00:   <-- GET /stylesheets/css.css
2018-08-02 18:01 +00:00:   --> GET /stylesheets/css.css 200 1ms 1.01kb
2018-08-02 18:01 +00:00:   <-- GET /javascripts/js.js
2018-08-02 18:01 +00:00:   --> GET /javascripts/js.js 200 2ms 2.35kb
2018-08-02 18:01 +00:00:   <-- GET /images/bg.jpg
2018-08-02 18:01 +00:00:   --> GET /images/bg.jpg 200 2ms 44.07kb
2018-08-02 18:02 +00:00:   <-- GET /
2018-08-02 18:03 +00:00: GET / - 56ms
2018-08-02 18:03 +00:00:   --> GET / 200 60ms 1.54kb
2018-08-02 18:03 +00:00:   <-- GET /javascripts/js.js
2018-08-02 18:03 +00:00:   --> GET /javascripts/js.js 200 2ms 2.35kb
2018-08-02 18:06 +00:00:   <-- GET /
2018-08-02 18:06 +00:00: GET / - 40ms
2018-08-02 18:06 +00:00:   --> GET / 200 43ms 1.54kb
2018-08-02 18:06 +00:00:   <-- GET /stylesheets/style.css
2018-08-02 18:06 +00:00:   <-- GET /stylesheets/css.css
2018-08-02 18:06 +00:00:   --> GET /stylesheets/style.css 200 4ms 206b
2018-08-02 18:06 +00:00:   <-- GET /javascripts/js.js
2018-08-02 18:06 +00:00:   --> GET /stylesheets/css.css 200 4ms 1.01kb
2018-08-02 18:06 +00:00:   --> GET /javascripts/js.js 200 2ms 2.35kb
2018-08-02 18:06 +00:00:   <-- GET /images/bg.jpg
2018-08-02 18:06 +00:00:   --> GET /images/bg.jpg 200 2ms 44.07kb
2018-08-02 18:06 +00:00:   <-- GET /favicon.ico
2018-08-02 18:06 +00:00: GET /favicon.ico - 0ms
2018-08-02 18:06 +00:00:   --> GET /favicon.ico 404 3ms -
2018-08-02 18:06 +00:00:   <-- GET /
2018-08-02 18:06 +00:00: GET / - 61ms
2018-08-02 18:06 +00:00:   --> GET / 200 63ms 1.54kb
2018-08-02 18:06 +00:00:   <-- GET /
2018-08-02 18:06 +00:00: GET / - 21ms
2018-08-02 18:06 +00:00:   --> GET / 200 24ms 1.54kb
2018-08-02 18:06 +00:00:   <-- GET /
2018-08-02 18:06 +00:00: GET / - 36ms
2018-08-02 18:06 +00:00:   --> GET / 200 38ms 1.54kb
2018-08-02 18:06 +00:00:   <-- GET /stylesheets/css.css
2018-08-02 18:06 +00:00:   <-- GET /javascripts/js.js
2018-08-02 18:06 +00:00:   <-- GET /stylesheets/style.css
2018-08-02 18:06 +00:00:   --> GET /stylesheets/css.css 200 4ms 1.01kb
2018-08-02 18:06 +00:00:   --> GET /javascripts/js.js 200 4ms 2.35kb
2018-08-02 18:06 +00:00:   --> GET /stylesheets/style.css 200 4ms 206b
2018-08-02 18:06 +00:00:   <-- GET /images/bg.jpg
2018-08-02 18:06 +00:00:   --> GET /images/bg.jpg 200 2ms 44.07kb
2018-08-02 18:06 +00:00:   <-- GET /favicon.ico
2018-08-02 18:06 +00:00: GET /favicon.ico - 0ms
2018-08-02 18:06 +00:00:   --> GET /favicon.ico 404 3ms -
2018-08-02 18:07 +00:00:   <-- GET /
2018-08-02 18:07 +00:00: GET / - 24ms
2018-08-02 18:07 +00:00:   --> GET / 200 27ms 1.54kb
2018-08-02 18:07 +00:00:   <-- GET /stylesheets/style.css
2018-08-02 18:07 +00:00:   <-- GET /stylesheets/css.css
2018-08-02 18:07 +00:00:   --> GET /stylesheets/style.css 200 4ms 206b
2018-08-02 18:07 +00:00:   <-- GET /javascripts/js.js
2018-08-02 18:07 +00:00:   --> GET /stylesheets/css.css 200 3ms 1.01kb
2018-08-02 18:07 +00:00:   --> GET /javascripts/js.js 200 2ms 2.35kb
2018-08-02 18:07 +00:00:   <-- GET /images/bg.jpg
2018-08-02 18:07 +00:00:   --> GET /images/bg.jpg 200 2ms 44.07kb
2018-08-02 18:07 +00:00:   <-- GET /favicon.ico
2018-08-02 18:07 +00:00: GET /favicon.ico - 0ms
2018-08-02 18:07 +00:00:   --> GET /favicon.ico 404 2ms -
2018-08-02 18:07 +00:00:   <-- GET /
2018-08-02 18:07 +00:00: GET / - 27ms
2018-08-02 18:07 +00:00:   --> GET / 200 30ms 1.54kb
2018-08-02 18:07 +00:00:   <-- GET /stylesheets/style.css
2018-08-02 18:07 +00:00:   <-- GET /stylesheets/css.css
2018-08-02 18:07 +00:00:   <-- GET /javascripts/js.js
2018-08-02 18:07 +00:00:   --> GET /stylesheets/style.css 200 5ms 206b
2018-08-02 18:07 +00:00:   --> GET /stylesheets/css.css 200 4ms 1.01kb
2018-08-02 18:07 +00:00:   --> GET /javascripts/js.js 200 4ms 2.35kb
2018-08-02 18:07 +00:00:   <-- GET /images/bg.jpg
2018-08-02 18:07 +00:00:   --> GET /images/bg.jpg 200 2ms 44.07kb
2018-08-03 02:40 +00:00:   <-- GET /
2018-08-03 02:40 +00:00: GET / - 21ms
2018-08-03 02:40 +00:00:   --> GET / 200 34ms 1.54kb
2018-08-03 02:40 +00:00:   <-- GET /stylesheets/style.css
2018-08-03 02:40 +00:00:   <-- GET /stylesheets/css.css
2018-08-03 02:40 +00:00:   <-- GET /javascripts/js.js
2018-08-03 02:40 +00:00:   --> GET /stylesheets/style.css 200 4ms 206b
2018-08-03 02:40 +00:00:   --> GET /stylesheets/css.css 200 4ms 1.01kb
2018-08-03 02:40 +00:00:   --> GET /javascripts/js.js 200 3ms 2.35kb
2018-08-03 02:40 +00:00:   <-- GET /images/bg.jpg
2018-08-03 02:40 +00:00:   --> GET /images/bg.jpg 200 3ms 44.07kb
2018-08-03 02:40 +00:00:   <-- GET /favicon.ico
2018-08-03 02:40 +00:00: GET /favicon.ico - 0ms
2018-08-03 02:40 +00:00:   --> GET /favicon.ico 404 1ms -
2018-08-03 03:03 +00:00:   <-- GET /
2018-08-03 03:03 +00:00: GET / - 45ms
2018-08-03 03:03 +00:00:   --> GET / 200 55ms 1.54kb
2018-08-03 03:03 +00:00:   <-- GET /stylesheets/style.css
2018-08-03 03:03 +00:00:   <-- GET /stylesheets/css.css
2018-08-03 03:03 +00:00:   <-- GET /javascripts/js.js
2018-08-03 03:03 +00:00:   --> GET /stylesheets/css.css 200 20ms 1.01kb
2018-08-03 03:03 +00:00:   --> GET /stylesheets/style.css 200 21ms 206b
2018-08-03 03:03 +00:00:   --> GET /javascripts/js.js 200 19ms 2.35kb
2018-08-03 03:03 +00:00:   <-- GET /images/bg.jpg
2018-08-03 03:03 +00:00:   --> GET /images/bg.jpg 200 3ms 334.89kb
2018-08-03 03:11 +00:00:   <-- GET /
2018-08-03 03:11 +00:00: GET / - 46ms
2018-08-03 03:11 +00:00:   --> GET / 200 54ms 1.54kb
2018-08-03 03:11 +00:00:   <-- GET /stylesheets/style.css
2018-08-03 03:11 +00:00:   <-- GET /stylesheets/css.css
2018-08-03 03:11 +00:00:   <-- GET /javascripts/js.js
2018-08-03 03:11 +00:00:   --> GET /stylesheets/style.css 200 5ms 206b
2018-08-03 03:11 +00:00:   --> GET /stylesheets/css.css 200 4ms 1.01kb
2018-08-03 03:11 +00:00:   --> GET /javascripts/js.js 200 4ms 2.35kb
2018-08-03 03:11 +00:00:   <-- GET /images/bg.jpg
2018-08-03 03:11 +00:00:   --> GET /images/bg.jpg 200 7ms 542.17kb
2018-08-03 03:12 +00:00:   <-- GET /
2018-08-03 03:12 +00:00: GET / - 23ms
2018-08-03 03:12 +00:00:   --> GET / 200 26ms 1.54kb
2018-08-03 03:12 +00:00:   <-- GET /stylesheets/style.css
2018-08-03 03:12 +00:00:   <-- GET /stylesheets/css.css
2018-08-03 03:12 +00:00:   <-- GET /javascripts/js.js
2018-08-03 03:12 +00:00:   --> GET /stylesheets/style.css 200 4ms 206b
2018-08-03 03:12 +00:00:   --> GET /stylesheets/css.css 200 4ms 1.01kb
2018-08-03 03:12 +00:00:   --> GET /javascripts/js.js 200 4ms 2.35kb
2018-08-03 03:12 +00:00:   <-- GET /images/bg.jpg
2018-08-03 03:12 +00:00:   --> GET /images/bg.jpg 200 6ms 841.55kb
2018-08-03 03:13 +00:00:   <-- GET /stylesheets/style.css
2018-08-03 03:13 +00:00:   <-- GET /stylesheets/css.css
2018-08-03 03:13 +00:00:   --> GET /stylesheets/style.css 200 5ms 206b
2018-08-03 03:13 +00:00:   --> GET /stylesheets/css.css 200 4ms 1.01kb
2018-08-03 03:13 +00:00:   <-- GET /
2018-08-03 03:13 +00:00: GET / - 21ms
2018-08-03 03:13 +00:00:   --> GET / 200 25ms 1.54kb
2018-08-03 03:13 +00:00:   <-- GET /stylesheets/style.css
2018-08-03 03:13 +00:00:   <-- GET /stylesheets/css.css
2018-08-03 03:13 +00:00:   <-- GET /javascripts/js.js
2018-08-03 03:13 +00:00:   --> GET /stylesheets/style.css 200 4ms 206b
2018-08-03 03:13 +00:00:   --> GET /stylesheets/css.css 200 4ms 1.01kb
2018-08-03 03:13 +00:00:   --> GET /javascripts/js.js 200 4ms 2.35kb
2018-08-03 03:13 +00:00:   <-- GET /images/bg.jpg
2018-08-03 03:13 +00:00:   --> GET /images/bg.jpg 200 9ms 841.55kb
2018-08-03 03:20 +00:00:   <-- GET /
2018-08-03 03:20 +00:00: GET / - 17ms
2018-08-03 03:20 +00:00:   --> GET / 200 21ms 1.54kb
2018-08-03 03:20 +00:00:   <-- GET /stylesheets/style.css
2018-08-03 03:20 +00:00:   <-- GET /stylesheets/css.css
2018-08-03 03:20 +00:00:   <-- GET /javascripts/js.js
2018-08-03 03:20 +00:00:   --> GET /stylesheets/style.css 200 4ms 206b
2018-08-03 03:20 +00:00:   --> GET /stylesheets/css.css 200 4ms 1.01kb
2018-08-03 03:20 +00:00:   --> GET /javascripts/js.js 200 4ms 2.35kb
2018-08-03 03:20 +00:00:   <-- GET /images/bg.jpg
2018-08-03 03:20 +00:00:   --> GET /images/bg.jpg 200 14ms 542.17kb
2018-08-03 03:20 +00:00:   <-- GET /stylesheets/style.css
2018-08-03 03:20 +00:00:   <-- GET /stylesheets/css.css
2018-08-03 03:20 +00:00:   --> GET /stylesheets/style.css 200 4ms 206b
2018-08-03 03:20 +00:00:   --> GET /stylesheets/css.css 200 3ms 1.01kb
2018-08-03 03:23 +00:00:   <-- GET /
2018-08-03 03:23 +00:00: GET / - 31ms
2018-08-03 03:23 +00:00:   --> GET / 200 34ms 1.54kb
2018-08-03 03:23 +00:00:   <-- GET /stylesheets/style.css
2018-08-03 03:23 +00:00:   <-- GET /stylesheets/css.css
2018-08-03 03:23 +00:00:   <-- GET /javascripts/js.js
2018-08-03 03:23 +00:00:   --> GET /stylesheets/style.css 200 5ms 206b
2018-08-03 03:23 +00:00:   --> GET /stylesheets/css.css 200 5ms 1.01kb
2018-08-03 03:23 +00:00:   --> GET /javascripts/js.js 200 4ms 2.35kb
2018-08-03 03:23 +00:00:   <-- GET /images/bg.jpg
2018-08-03 03:23 +00:00:   --> GET /images/bg.jpg 200 13ms 542.17kb
2018-08-03 03:23 +00:00:   <-- GET /
2018-08-03 03:23 +00:00: GET / - 25ms
2018-08-03 03:23 +00:00:   --> GET / 200 27ms 1.54kb
2018-08-03 03:23 +00:00:   <-- GET /stylesheets/style.css
2018-08-03 03:23 +00:00:   <-- GET /stylesheets/css.css
2018-08-03 03:23 +00:00:   --> GET /stylesheets/style.css 200 3ms 206b
2018-08-03 03:23 +00:00:   <-- GET /javascripts/js.js
2018-08-03 03:23 +00:00:   --> GET /stylesheets/css.css 200 3ms 1.01kb
2018-08-03 03:23 +00:00:   --> GET /javascripts/js.js 200 2ms 2.35kb
2018-08-03 03:23 +00:00:   <-- GET /images/bg.jpg
2018-08-03 03:23 +00:00:   --> GET /images/bg.jpg 200 14ms 542.17kb
2018-08-03 03:23 +00:00:   <-- GET /favicon.ico
2018-08-03 03:23 +00:00: GET /favicon.ico - 0ms
2018-08-03 03:23 +00:00:   --> GET /favicon.ico 404 12ms -
2018-08-03 13:36 +00:00:   <-- GET /
2018-08-03 13:36 +00:00: GET / - 31ms
2018-08-03 13:36 +00:00:   --> GET / 200 45ms 1.54kb
2018-08-03 13:36 +00:00:   <-- GET /stylesheets/style.css
2018-08-03 13:36 +00:00:   --> GET /stylesheets/style.css 200 4ms 206b
2018-08-03 13:36 +00:00:   <-- GET /stylesheets/css.css
2018-08-03 13:36 +00:00:   <-- GET /javascripts/js.js
2018-08-03 13:36 +00:00:   --> GET /stylesheets/css.css 200 3ms 1.01kb
2018-08-03 13:36 +00:00:   --> GET /javascripts/js.js 200 3ms 2.35kb
2018-08-03 13:36 +00:00:   <-- GET /images/bg.jpg
2018-08-03 13:36 +00:00:   --> GET /images/bg.jpg 200 27ms 542.17kb
2018-08-03 13:36 +00:00:   <-- GET /favicon.ico
2018-08-03 13:36 +00:00: GET /favicon.ico - 0ms
2018-08-03 13:36 +00:00:   --> GET /favicon.ico 404 2ms -
2018-08-04 01:32 +00:00:   <-- GET /
2018-08-04 01:32 +00:00: GET / - 17ms
2018-08-04 01:32 +00:00:   --> GET / 200 24ms 1.54kb
2018-08-04 01:32 +00:00:   <-- GET /stylesheets/css.css
2018-08-04 01:32 +00:00:   <-- GET /stylesheets/style.css
2018-08-04 01:32 +00:00:   --> GET /stylesheets/css.css 200 5ms 1.01kb
2018-08-04 01:32 +00:00:   --> GET /stylesheets/style.css 200 4ms 206b
2018-08-04 01:32 +00:00:   <-- GET /javascripts/js.js
2018-08-04 01:32 +00:00:   --> GET /javascripts/js.js 200 2ms 2.35kb
2018-08-04 01:32 +00:00:   <-- GET /images/bg.jpg
2018-08-04 01:32 +00:00:   --> GET /images/bg.jpg 200 16ms 542.17kb
2018-08-04 02:58 +00:00:   <-- GET /
2018-08-04 02:58 +00:00: GET / - 22ms
2018-08-04 02:58 +00:00:   --> GET / 200 24ms 1.54kb
2018-08-04 02:58 +00:00:   <-- GET /stylesheets/style.css
2018-08-04 02:58 +00:00:   --> GET /stylesheets/style.css 200 2ms 206b
2018-08-04 02:58 +00:00:   <-- GET /stylesheets/css.css
2018-08-04 02:58 +00:00:   --> GET /stylesheets/css.css 200 1ms 1.01kb
2018-08-04 02:58 +00:00:   <-- GET /javascripts/js.js
2018-08-04 02:58 +00:00:   --> GET /javascripts/js.js 200 1ms 2.35kb
2018-08-04 02:58 +00:00:   <-- GET /images/bg.jpg
2018-08-04 02:58 +00:00:   --> GET /images/bg.jpg 200 8ms 542.17kb
2018-08-06 06:10 +00:00:   <-- GET /
2018-08-06 06:10 +00:00: GET / - 38ms
2018-08-06 06:10 +00:00:   --> GET / 200 50ms 1.54kb
2018-08-06 06:10 +00:00:   <-- GET /stylesheets/style.css
2018-08-06 06:10 +00:00:   --> GET /stylesheets/style.css 200 2ms 206b
2018-08-06 06:10 +00:00:   <-- GET /stylesheets/css.css
2018-08-06 06:10 +00:00:   --> GET /stylesheets/css.css 200 2ms 1.01kb
2018-08-06 06:10 +00:00:   <-- GET /javascripts/js.js
2018-08-06 06:10 +00:00:   --> GET /javascripts/js.js 200 2ms 2.35kb
2018-08-06 06:10 +00:00:   <-- GET /images/bg.jpg
2018-08-06 06:10 +00:00:   --> GET /images/bg.jpg 200 29ms 999.26kb
2018-08-06 06:11 +00:00:   <-- GET /
2018-08-06 06:11 +00:00: GET / - 22ms
2018-08-06 06:11 +00:00:   --> GET / 200 28ms 1.54kb
2018-08-06 06:11 +00:00:   <-- GET /stylesheets/style.css
2018-08-06 06:11 +00:00:   <-- GET /stylesheets/css.css
2018-08-06 06:11 +00:00:   <-- GET /javascripts/js.js
2018-08-06 06:11 +00:00:   --> GET /stylesheets/style.css 200 6ms 206b
2018-08-06 06:11 +00:00:   --> GET /stylesheets/css.css 200 6ms 1.01kb
2018-08-06 06:11 +00:00:   --> GET /javascripts/js.js 200 7ms 2.35kb
2018-08-06 06:11 +00:00:   <-- GET /images/bg.jpg
2018-08-06 06:11 +00:00:   --> GET /images/bg.jpg 200 11ms 999.26kb
2018-08-06 06:11 +00:00:   <-- GET /favicon.ico
2018-08-06 06:11 +00:00: GET /favicon.ico - 1ms
2018-08-06 06:11 +00:00:   --> GET /favicon.ico 404 3ms -
2018-08-06 06:12 +00:00:   <-- GET /
2018-08-06 06:12 +00:00: GET / - 26ms
2018-08-06 06:12 +00:00:   --> GET / 200 28ms 1.54kb
2018-08-06 06:12 +00:00:   <-- GET /stylesheets/style.css
2018-08-06 06:12 +00:00:   <-- GET /stylesheets/css.css
2018-08-06 06:12 +00:00:   <-- GET /javascripts/js.js
2018-08-06 06:12 +00:00:   --> GET /stylesheets/style.css 200 4ms 206b
2018-08-06 06:12 +00:00:   --> GET /stylesheets/css.css 200 4ms 1.04kb
2018-08-06 06:12 +00:00:   --> GET /javascripts/js.js 200 4ms 2.35kb
2018-08-06 06:12 +00:00:   <-- GET /images/bg.jpg
2018-08-06 06:12 +00:00:   --> GET /images/bg.jpg 200 11ms 999.26kb
2018-08-06 06:13 +00:00:   <-- GET /
2018-08-06 06:13 +00:00: GET / - 14ms
2018-08-06 06:13 +00:00:   --> GET / 200 16ms 1.54kb
2018-08-06 06:13 +00:00:   <-- GET /stylesheets/style.css
2018-08-06 06:13 +00:00:   <-- GET /stylesheets/css.css
2018-08-06 06:13 +00:00:   <-- GET /javascripts/js.js
2018-08-06 06:13 +00:00:   --> GET /stylesheets/style.css 200 5ms 206b
2018-08-06 06:13 +00:00:   --> GET /stylesheets/css.css 200 4ms 1.07kb
2018-08-06 06:13 +00:00:   --> GET /javascripts/js.js 200 4ms 2.35kb
2018-08-06 06:13 +00:00:   <-- GET /images/bg.jpg
2018-08-06 06:13 +00:00:   --> GET /images/bg.jpg 200 11ms 999.26kb
2018-08-06 06:14 +00:00:   <-- GET /
2018-08-06 06:14 +00:00: GET / - 16ms
2018-08-06 06:14 +00:00:   --> GET / 200 18ms 1.54kb
2018-08-06 06:14 +00:00:   <-- GET /stylesheets/style.css
2018-08-06 06:14 +00:00:   <-- GET /stylesheets/css.css
2018-08-06 06:14 +00:00:   <-- GET /javascripts/js.js
2018-08-06 06:14 +00:00:   --> GET /stylesheets/style.css 200 4ms 206b
2018-08-06 06:14 +00:00:   --> GET /stylesheets/css.css 200 4ms 1.07kb
2018-08-06 06:14 +00:00:   --> GET /javascripts/js.js 200 3ms 2.35kb
2018-08-06 06:14 +00:00:   <-- GET /images/bg.jpg
2018-08-06 06:14 +00:00:   --> GET /images/bg.jpg 200 9ms 999.26kb
2018-08-06 06:15 +00:00:   <-- GET /
2018-08-06 06:15 +00:00: GET / - 14ms
2018-08-06 06:15 +00:00:   --> GET / 200 16ms 1.54kb
2018-08-06 06:15 +00:00:   <-- GET /stylesheets/style.css
2018-08-06 06:15 +00:00:   <-- GET /stylesheets/css.css
2018-08-06 06:15 +00:00:   <-- GET /javascripts/js.js
2018-08-06 06:15 +00:00:   --> GET /stylesheets/style.css 200 4ms 206b
2018-08-06 06:15 +00:00:   --> GET /stylesheets/css.css 200 5ms 1.09kb
2018-08-06 06:15 +00:00:   --> GET /javascripts/js.js 200 5ms 2.35kb
2018-08-06 06:15 +00:00:   <-- GET /images/bg.jpg
2018-08-06 06:15 +00:00:   --> GET /images/bg.jpg 200 6ms 999.26kb
2018-08-06 06:15 +00:00:   <-- GET /
2018-08-06 06:15 +00:00: GET / - 14ms
2018-08-06 06:15 +00:00:   --> GET / 200 17ms 1.54kb
2018-08-06 06:15 +00:00:   <-- GET /stylesheets/style.css
2018-08-06 06:15 +00:00:   <-- GET /stylesheets/css.css
2018-08-06 06:15 +00:00:   <-- GET /javascripts/js.js
2018-08-06 06:15 +00:00:   --> GET /stylesheets/style.css 200 5ms 206b
2018-08-06 06:15 +00:00:   --> GET /stylesheets/css.css 200 5ms 1.09kb
2018-08-06 06:15 +00:00:   --> GET /javascripts/js.js 200 4ms 2.35kb
2018-08-06 06:15 +00:00:   <-- GET /images/bg.jpg
2018-08-06 06:15 +00:00:   --> GET /images/bg.jpg 200 18ms 999.26kb
2018-08-06 06:16 +00:00:   <-- GET /
2018-08-06 06:16 +00:00: GET / - 13ms
2018-08-06 06:16 +00:00:   --> GET / 200 15ms 1.54kb
2018-08-06 06:16 +00:00:   <-- GET /stylesheets/style.css
2018-08-06 06:16 +00:00:   <-- GET /stylesheets/css.css
2018-08-06 06:16 +00:00:   <-- GET /javascripts/js.js
2018-08-06 06:16 +00:00:   --> GET /stylesheets/style.css 200 4ms 206b
2018-08-06 06:16 +00:00:   --> GET /stylesheets/css.css 200 4ms 1.12kb
2018-08-06 06:16 +00:00:   --> GET /javascripts/js.js 200 3ms 2.35kb
2018-08-06 06:16 +00:00:   <-- GET /images/bg.jpg
2018-08-06 06:16 +00:00:   --> GET /images/bg.jpg 200 16ms 999.26kb
2018-08-06 06:16 +00:00:   <-- GET /
2018-08-06 06:16 +00:00: GET / - 15ms
2018-08-06 06:16 +00:00:   --> GET / 200 18ms 1.54kb
2018-08-06 06:16 +00:00:   <-- GET /stylesheets/style.css
2018-08-06 06:16 +00:00:   <-- GET /stylesheets/css.css
2018-08-06 06:16 +00:00:   <-- GET /javascripts/js.js
2018-08-06 06:16 +00:00:   --> GET /stylesheets/style.css 200 5ms 206b
2018-08-06 06:16 +00:00:   --> GET /stylesheets/css.css 200 3ms 1.12kb
2018-08-06 06:16 +00:00:   --> GET /javascripts/js.js 200 3ms 2.35kb
2018-08-06 06:16 +00:00:   <-- GET /images/bg.jpg
2018-08-06 06:16 +00:00:   --> GET /images/bg.jpg 200 6ms 999.26kb
2018-08-06 06:17 +00:00:   <-- GET /
2018-08-06 06:17 +00:00: GET / - 13ms
2018-08-06 06:17 +00:00:   --> GET / 200 16ms 1.54kb
2018-08-06 06:17 +00:00:   <-- GET /stylesheets/style.css
2018-08-06 06:17 +00:00:   <-- GET /stylesheets/css.css
2018-08-06 06:17 +00:00:   <-- GET /javascripts/js.js
2018-08-06 06:17 +00:00:   --> GET /stylesheets/style.css 200 4ms 206b
2018-08-06 06:17 +00:00:   --> GET /stylesheets/css.css 200 4ms 1.12kb
2018-08-06 06:17 +00:00:   --> GET /javascripts/js.js 200 3ms 2.35kb
2018-08-06 06:17 +00:00:   <-- GET /images/bg.jpg
2018-08-06 06:17 +00:00:   --> GET /images/bg.jpg 200 7ms 999.26kb
2018-08-06 06:17 +00:00:   <-- GET /favicon.ico
2018-08-06 06:17 +00:00: GET /favicon.ico - 0ms
2018-08-06 06:17 +00:00:   --> GET /favicon.ico 404 1ms -
2018-08-06 06:17 +00:00:   <-- GET /
2018-08-06 06:17 +00:00: GET / - 16ms
2018-08-06 06:17 +00:00:   --> GET / 200 18ms 1.54kb
2018-08-06 06:17 +00:00:   <-- GET /stylesheets/style.css
2018-08-06 06:17 +00:00:   <-- GET /stylesheets/css.css
2018-08-06 06:17 +00:00:   <-- GET /javascripts/js.js
2018-08-06 06:17 +00:00:   --> GET /stylesheets/style.css 200 6ms 206b
2018-08-06 06:17 +00:00:   --> GET /stylesheets/css.css 200 6ms 1.14kb
2018-08-06 06:17 +00:00:   --> GET /javascripts/js.js 200 4ms 2.35kb
2018-08-06 06:17 +00:00:   <-- GET /images/bg.jpg
2018-08-06 06:17 +00:00:   --> GET /images/bg.jpg 200 6ms 999.26kb
2018-08-06 06:18 +00:00:   <-- GET /
2018-08-06 06:18 +00:00: GET / - 31ms
2018-08-06 06:18 +00:00:   --> GET / 200 33ms 1.54kb
2018-08-06 06:18 +00:00:   <-- GET /stylesheets/style.css
2018-08-06 06:18 +00:00:   <-- GET /stylesheets/css.css
2018-08-06 06:18 +00:00:   <-- GET /javascripts/js.js
2018-08-06 06:18 +00:00:   --> GET /stylesheets/style.css 200 4ms 206b
2018-08-06 06:18 +00:00:   --> GET /stylesheets/css.css 200 4ms 1.14kb
2018-08-06 06:18 +00:00:   --> GET /javascripts/js.js 200 3ms 2.35kb
2018-08-06 06:18 +00:00:   <-- GET /images/bg.jpg
2018-08-06 06:18 +00:00:   --> GET /images/bg.jpg 200 6ms 999.26kb
2018-08-06 06:18 +00:00:   <-- GET /favicon.ico
2018-08-06 06:18 +00:00: GET /favicon.ico - 0ms
2018-08-06 06:18 +00:00:   --> GET /favicon.ico 404 2ms -
2018-08-06 06:20 +00:00:   <-- GET /
2018-08-06 06:20 +00:00: GET / - 12ms
2018-08-06 06:20 +00:00:   --> GET / 200 14ms 1.54kb
2018-08-06 06:20 +00:00:   <-- GET /stylesheets/style.css
2018-08-06 06:20 +00:00:   <-- GET /stylesheets/css.css
2018-08-06 06:20 +00:00:   <-- GET /javascripts/js.js
2018-08-06 06:20 +00:00:   --> GET /stylesheets/style.css 200 10ms 206b
2018-08-06 06:20 +00:00:   --> GET /stylesheets/css.css 200 4ms 1.17kb
2018-08-06 06:20 +00:00:   --> GET /javascripts/js.js 200 4ms 2.35kb
2018-08-06 06:20 +00:00:   <-- GET /
2018-08-06 06:20 +00:00: GET / - 13ms
2018-08-06 06:20 +00:00:   --> GET / 200 16ms 1.54kb
2018-08-06 06:20 +00:00:   <-- GET /stylesheets/style.css
2018-08-06 06:20 +00:00:   <-- GET /stylesheets/css.css
2018-08-06 06:20 +00:00:   <-- GET /javascripts/js.js
2018-08-06 06:20 +00:00:   --> GET /stylesheets/style.css 200 4ms 206b
2018-08-06 06:20 +00:00:   --> GET /stylesheets/css.css 200 4ms 1.17kb
2018-08-06 06:20 +00:00:   --> GET /javascripts/js.js 200 4ms 2.35kb
2018-08-06 06:20 +00:00:   <-- GET /
2018-08-06 06:20 +00:00: GET / - 12ms
2018-08-06 06:20 +00:00:   --> GET / 200 15ms 1.54kb
2018-08-06 06:20 +00:00:   <-- GET /stylesheets/style.css
2018-08-06 06:20 +00:00:   <-- GET /stylesheets/css.css
2018-08-06 06:20 +00:00:   <-- GET /javascripts/js.js
2018-08-06 06:20 +00:00:   --> GET /stylesheets/style.css 200 8ms 206b
2018-08-06 06:20 +00:00:   --> GET /stylesheets/css.css 200 8ms 1.17kb
2018-08-06 06:20 +00:00:   --> GET /javascripts/js.js 200 7ms 2.35kb
2018-08-06 06:20 +00:00:   <-- GET /
2018-08-06 06:20 +00:00: GET / - 39ms
2018-08-06 06:20 +00:00:   --> GET / 200 42ms 1.54kb
2018-08-06 06:20 +00:00:   <-- GET /stylesheets/style.css
2018-08-06 06:20 +00:00:   <-- GET /stylesheets/css.css
2018-08-06 06:20 +00:00:   <-- GET /javascripts/js.js
2018-08-06 06:20 +00:00:   --> GET /stylesheets/style.css 200 4ms 206b
2018-08-06 06:20 +00:00:   --> GET /stylesheets/css.css 200 5ms 1.17kb
2018-08-06 06:20 +00:00:   --> GET /javascripts/js.js 200 4ms 2.35kb
2018-08-06 06:20 +00:00:   <-- GET /
2018-08-06 06:20 +00:00: GET / - 26ms
2018-08-06 06:20 +00:00:   --> GET / 200 28ms 1.54kb
2018-08-06 06:20 +00:00:   <-- GET /stylesheets/style.css
2018-08-06 06:20 +00:00:   <-- GET /stylesheets/css.css
2018-08-06 06:20 +00:00:   <-- GET /javascripts/js.js
2018-08-06 06:20 +00:00:   --> GET /stylesheets/style.css 200 5ms 206b
2018-08-06 06:20 +00:00:   --> GET /stylesheets/css.css 200 4ms 1.17kb
2018-08-06 06:20 +00:00:   --> GET /javascripts/js.js 200 4ms 2.35kb
2018-08-06 06:20 +00:00:   <-- GET /
2018-08-06 06:20 +00:00: GET / - 19ms
2018-08-06 06:20 +00:00:   --> GET / 200 22ms 1.54kb
2018-08-06 06:20 +00:00:   <-- GET /stylesheets/style.css
2018-08-06 06:20 +00:00:   <-- GET /stylesheets/css.css
2018-08-06 06:20 +00:00:   <-- GET /javascripts/js.js
2018-08-06 06:20 +00:00:   --> GET /stylesheets/style.css 200 5ms 206b
2018-08-06 06:20 +00:00:   --> GET /stylesheets/css.css 200 5ms 1.17kb
2018-08-06 06:20 +00:00:   --> GET /javascripts/js.js 200 5ms 2.35kb
2018-08-06 06:20 +00:00:   <-- GET /
2018-08-06 06:20 +00:00: GET / - 20ms
2018-08-06 06:20 +00:00:   --> GET / 200 23ms 1.54kb
2018-08-06 06:20 +00:00:   <-- GET /stylesheets/style.css
2018-08-06 06:20 +00:00:   <-- GET /stylesheets/css.css
2018-08-06 06:20 +00:00:   <-- GET /javascripts/js.js
2018-08-06 06:20 +00:00:   --> GET /stylesheets/style.css 200 6ms 206b
2018-08-06 06:20 +00:00:   --> GET /stylesheets/css.css 200 5ms 1.17kb
2018-08-06 06:20 +00:00:   --> GET /javascripts/js.js 200 5ms 2.35kb
2018-08-06 06:20 +00:00:   <-- GET /
2018-08-06 06:20 +00:00: GET / - 23ms
2018-08-06 06:20 +00:00:   --> GET / 200 26ms 1.54kb
2018-08-06 06:20 +00:00:   <-- GET /stylesheets/style.css
2018-08-06 06:20 +00:00:   --> GET /stylesheets/style.css 200 3ms 206b
2018-08-06 06:20 +00:00:   <-- GET /stylesheets/css.css
2018-08-06 06:20 +00:00:   <-- GET /javascripts/js.js
2018-08-06 06:20 +00:00:   --> GET /stylesheets/css.css 200 2ms 1.17kb
2018-08-06 06:20 +00:00:   --> GET /javascripts/js.js 200 3ms 2.35kb
2018-08-06 06:20 +00:00:   <-- GET /
2018-08-06 06:20 +00:00: GET / - 18ms
2018-08-06 06:20 +00:00:   --> GET / 200 20ms 1.54kb
2018-08-06 06:20 +00:00:   <-- GET /stylesheets/style.css
2018-08-06 06:20 +00:00:   <-- GET /stylesheets/css.css
2018-08-06 06:20 +00:00:   <-- GET /javascripts/js.js
2018-08-06 06:20 +00:00:   --> GET /stylesheets/style.css 200 7ms 206b
2018-08-06 06:20 +00:00:   --> GET /stylesheets/css.css 200 5ms 1.17kb
2018-08-06 06:20 +00:00:   --> GET /javascripts/js.js 200 4ms 2.35kb
2018-08-06 06:20 +00:00:   <-- GET /
2018-08-06 06:20 +00:00: GET / - 17ms
2018-08-06 06:20 +00:00:   --> GET / 200 20ms 1.54kb
2018-08-06 06:20 +00:00:   <-- GET /stylesheets/style.css
2018-08-06 06:20 +00:00:   <-- GET /stylesheets/css.css
2018-08-06 06:20 +00:00:   <-- GET /javascripts/js.js
2018-08-06 06:20 +00:00:   --> GET /stylesheets/style.css 200 4ms 206b
2018-08-06 06:20 +00:00:   --> GET /stylesheets/css.css 200 6ms 1.17kb
2018-08-06 06:20 +00:00:   --> GET /javascripts/js.js 200 5ms 2.35kb
2018-08-06 06:20 +00:00:   <-- GET /
2018-08-06 06:20 +00:00: GET / - 14ms
2018-08-06 06:20 +00:00:   --> GET / 200 15ms 1.54kb
2018-08-06 06:20 +00:00:   <-- GET /stylesheets/style.css
2018-08-06 06:20 +00:00:   <-- GET /stylesheets/css.css
2018-08-06 06:20 +00:00:   <-- GET /javascripts/js.js
2018-08-06 06:20 +00:00:   --> GET /stylesheets/style.css 200 4ms 206b
2018-08-06 06:20 +00:00:   --> GET /stylesheets/css.css 200 3ms 1.17kb
2018-08-06 06:20 +00:00:   --> GET /javascripts/js.js 200 4ms 2.35kb
2018-08-06 06:20 +00:00:   <-- GET /
2018-08-06 06:20 +00:00: GET / - 12ms
2018-08-06 06:20 +00:00:   --> GET / 200 14ms 1.54kb
2018-08-06 06:20 +00:00:   <-- GET /stylesheets/style.css
2018-08-06 06:20 +00:00:   <-- GET /stylesheets/css.css
2018-08-06 06:20 +00:00:   --> GET /stylesheets/style.css 200 3ms 206b
2018-08-06 06:20 +00:00:   --> GET /stylesheets/css.css 200 3ms 1.17kb
2018-08-06 06:20 +00:00:   <-- GET /javascripts/js.js
2018-08-06 06:20 +00:00:   --> GET /javascripts/js.js 200 1ms 2.35kb
2018-08-06 06:23 +00:00:   <-- GET /
2018-08-06 06:23 +00:00: GET / - 25ms
2018-08-06 06:23 +00:00:   --> GET / 200 28ms 1.54kb
2018-08-06 06:23 +00:00:   <-- GET /stylesheets/style.css
2018-08-06 06:23 +00:00:   <-- GET /stylesheets/css.css
2018-08-06 06:23 +00:00:   <-- GET /javascripts/js.js
2018-08-06 06:23 +00:00:   --> GET /stylesheets/style.css 200 4ms 206b
2018-08-06 06:23 +00:00:   --> GET /stylesheets/css.css 200 4ms 1.17kb
2018-08-06 06:23 +00:00:   --> GET /javascripts/js.js 200 4ms 2.35kb
2018-08-06 06:24 +00:00:   <-- GET /
2018-08-06 06:24 +00:00: GET / - 20ms
2018-08-06 06:24 +00:00:   --> GET / 200 23ms 1.54kb
2018-08-06 06:24 +00:00:   <-- GET /stylesheets/style.css
2018-08-06 06:24 +00:00:   <-- GET /stylesheets/css.css
2018-08-06 06:24 +00:00:   <-- GET /javascripts/js.js
2018-08-06 06:24 +00:00:   --> GET /stylesheets/style.css 200 7ms 206b
2018-08-06 06:24 +00:00:   --> GET /stylesheets/css.css 200 7ms 1.17kb
2018-08-06 06:24 +00:00:   --> GET /javascripts/js.js 200 5ms 2.35kb
2018-08-06 06:25 +00:00:   <-- GET /
2018-08-06 06:25 +00:00: GET / - 32ms
2018-08-06 06:25 +00:00:   --> GET / 200 35ms 1.54kb
2018-08-06 06:25 +00:00:   <-- GET /stylesheets/style.css
2018-08-06 06:25 +00:00:   <-- GET /stylesheets/css.css
2018-08-06 06:25 +00:00:   <-- GET /javascripts/js.js
2018-08-06 06:25 +00:00:   --> GET /stylesheets/style.css 200 4ms 206b
2018-08-06 06:25 +00:00:   --> GET /stylesheets/css.css 200 4ms 1.17kb
2018-08-06 06:25 +00:00:   --> GET /javascripts/js.js 200 4ms 2.35kb
2018-08-06 06:25 +00:00:   <-- GET /
2018-08-06 06:25 +00:00: GET / - 12ms
2018-08-06 06:25 +00:00:   --> GET / 200 15ms 1.54kb
2018-08-06 06:25 +00:00:   <-- GET /stylesheets/style.css
2018-08-06 06:25 +00:00:   <-- GET /stylesheets/css.css
2018-08-06 06:25 +00:00:   <-- GET /javascripts/js.js
2018-08-06 06:25 +00:00:   --> GET /stylesheets/style.css 200 4ms 206b
2018-08-06 06:25 +00:00:   --> GET /stylesheets/css.css 200 4ms 1.17kb
2018-08-06 06:25 +00:00:   --> GET /javascripts/js.js 200 4ms 2.35kb
